[31772:32672:0516/185032.258:WARNING:chrome_main_delegate.cc(745)] This is Chrome version 128.0.6613.138 (not a warning)
[31772:29192:0516/185032.289:ERROR:google_update_settings.cc(265)] Failed opening key Software\Chromium to set usagestats; result: 5
[31772:32672:0516/185032.308:WARNING:account_consistency_mode_manager.cc(77)] Desktop Identity Consistency cannot be enabled as no OAuth client ID and client secret have been configured.
[31772:19160:0516/185034.466:WARNING:leveldb_database.cc(141)] Unable to open C:\Users\emaei\Desktop\Nialls game\BelowDeckProject\Saved\webcache_6613\Default\shared_proto_db\metadata: IO error: C:\Users\emaei\Desktop\Nialls game\BelowDeckProject\Saved\webcache_6613\Default\shared_proto_db\metadata/MANIFEST-000001: Unable to create sequential file (ChromeMethodBFE: 7::NewSequentialFile::1)
[31772:19160:0516/185034.472:WARNING:leveldb_database.cc(141)] Unable to open C:\Users\emaei\Desktop\Nialls game\BelowDeckProject\Saved\webcache_6613\Default\shared_proto_db\metadata: IO error: C:\Users\emaei\Desktop\Nialls game\BelowDeckProject\Saved\webcache_6613\Default\shared_proto_db\metadata/MANIFEST-000001: Unable to create sequential file (ChromeMethodBFE: 7::NewSequentialFile::1)
[31772:19160:0516/185034.476:WARNING:leveldb_database.cc(141)] Unable to open C:\Users\emaei\Desktop\Nialls game\BelowDeckProject\Saved\webcache_6613\Default\shared_proto_db\metadata: IO error: C:\Users\emaei\Desktop\Nialls game\BelowDeckProject\Saved\webcache_6613\Default\shared_proto_db\metadata/MANIFEST-000001: Unable to create sequential file (ChromeMethodBFE: 7::NewSequentialFile::1)
[31772:19160:0516/185034.478:WARNING:leveldb_database.cc(141)] Unable to open C:\Users\emaei\Desktop\Nialls game\BelowDeckProject\Saved\webcache_6613\Default\shared_proto_db\metadata: IO error: C:\Users\emaei\Desktop\Nialls game\BelowDeckProject\Saved\webcache_6613\Default\shared_proto_db\metadata/MANIFEST-000001: Unable to create sequential file (ChromeMethodBFE: 7::NewSequentialFile::1)
[31772:13132:0516/185035.025:WARNING:value_store_frontend.cc(47)] Reading ahfgeienlihckogmohjhadlkjgocpleb.alarms from  failed: IO error: .../MANIFEST-000001: Unable to create sequential file (ChromeMethodBFE: 7::NewSequentialFile::1)
[31772:13132:0516/185035.028:WARNING:value_store_frontend.cc(47)] Reading mhjfbmdgcfjbbpaeojofohoefgiehjai.alarms from  failed: IO error: .../MANIFEST-000001: Unable to create sequential file (ChromeMethodBFE: 7::NewSequentialFile::1)
[5560:12472:0516/185036.253:WARNING:frame_impl.cc(430)] virtual CefFrameImpl::SendProcessMessage sent to detached frame 5-D584B7851ADE91D65E8E1CCC5C8EF948 will be ignored
[31772:32672:0516/185041.250:ERROR:device_event_log_impl.cc(196)] [18:50:40.924] USB: usb_service_win.cc:105 SetupDiGetDeviceProperty({{A45C254E-DF1C-4EFD-8020-67D146A850E0}, 6}) failed: Element not found. (0x490)
[15084:28692:0516/185308.116:WARNING:frame_impl.cc(430)] virtual CefFrameImpl::SendProcessMessage sent to detached frame 7-BF7FA715468E1AF481041F51422CC6CA will be ignored
[18764:27524:0516/185348.609:WARNING:angle_platform_impl.cc(49)] HLSLCompiler.cpp:250 (rx::HLSLCompiler::compileToBinary): 
C:\fakepath(103,1-6): warning X4000: use of potentially uninitialized variable (dyn_index_vec4_float4_int)

[18764:5828:0516/185348.756:WARNING:angle_platform_impl.cc(49)] HLSLCompiler.cpp:250 (rx::HLSLCompiler::compileToBinary): 
C:\fakepath(136,1): warning X4000: use of potentially uninitialized variable (f_i_int_int_int2)
C:\fakepath(138,1): warning X4000: use of potentially uninitialized variable (f_i_int_int_int2)
C:\fakepath(174,1): warning X4000: use of potentially uninitialized variable (f_u_int_int_int)

[18764:18684:0516/185349.013:WARNING:angle_platform_impl.cc(49)] HLSLCompiler.cpp:250 (rx::HLSLCompiler::compileToBinary): 
C:\fakepath(166,1): warning X4000: use of potentially uninitialized variable (f_renderMipMapLevel_int)

[18764:23296:0516/185349.169:WARNING:angle_platform_impl.cc(49)] HLSLCompiler.cpp:250 (rx::HLSLCompiler::compileToBinary): 
C:\fakepath(382,11-39): warning X4008: floating point division by zero
C:\fakepath(382,11-39): warning X4008: floating point division by zero

[18764:6196:0516/185349.254:ERROR:gl_utils.cc(415)] [.WebGL-00000DA803215500] GL_INVALID_OPERATION: Two textures of different types use the same sampler location.
[18764:6196:0516/185349.254:ERROR:gl_utils.cc(415)] [.WebGL-00000DA803215500] GL_INVALID_OPERATION: Two textures of different types use the same sampler location.
[18764:6196:0516/185349.254:ERROR:gl_utils.cc(415)] [.WebGL-00000DA803215500] GL_INVALID_OPERATION: Two textures of different types use the same sampler location.
[18764:6196:0516/185349.269:ERROR:gl_utils.cc(415)] [.WebGL-00000DA803215500] GL_INVALID_OPERATION: Two textures of different types use the same sampler location.
[18764:6196:0516/185349.269:ERROR:gl_utils.cc(415)] [.WebGL-00000DA803215500] GL_INVALID_OPERATION: Two textures of different types use the same sampler location.
[18764:6196:0516/185349.269:ERROR:gl_utils.cc(415)] [.WebGL-00000DA803215500] GL_INVALID_OPERATION: Two textures of different types use the same sampler location.
[18764:6196:0516/185354.815:ERROR:shared_image_manager.cc(224)] SharedImageManager::ProduceSkia: Trying to Produce a Skia representation from a non-existent mailbox.
[31772:32672:0516/203109.999:WARNING:pref_notifier_impl.cc(41)] Pref observer for media_router.cast_allow_all_ips found at shutdown.
